<?xml version="1.0" encoding="UTF-8"?>
<testsuite name="com.monmi.DataSourceTests" tests="1" skipped="0" failures="0" errors="0" timestamp="2025-02-04T01:35:09" hostname="DESKTOP-SON36M3" time="0.205">
  <properties/>
  <testcase name="testConnection()" classname="com.monmi.DataSourceTests" time="0.205"/>
  <system-out><![CDATA[10:35:05.856 [Test worker] DEBUG org.springframework.test.context.BootstrapUtils - Instantiating CacheAwareContextLoaderDelegate from class [org.springframework.test.context.cache.DefaultCacheAwareContextLoaderDelegate]
10:35:05.868 [Test worker] DEBUG org.springframework.test.context.BootstrapUtils - Instantiating BootstrapContext using constructor [public org.springframework.test.context.support.DefaultBootstrapContext(java.lang.Class,org.springframework.test.context.CacheAwareContextLoaderDelegate)]
10:35:05.900 [Test worker] DEBUG org.springframework.test.context.BootstrapUtils - Instantiating TestContextBootstrapper for test class [com.monmi.DataSourceTests] from class [org.springframework.boot.test.context.SpringBootTestContextBootstrapper]
10:35:05.910 [Test worker] INFO org.springframework.boot.test.context.SpringBootTestContextBootstrapper - Neither @ContextConfiguration nor @ContextHierarchy found for test class [com.monmi.DataSourceTests], using SpringBootContextLoader
10:35:05.914 [Test worker] DEBUG org.springframework.test.context.support.AbstractContextLoader - Did not detect default resource location for test class [com.monmi.DataSourceTests]: class path resource [com/monmi/DataSourceTests-context.xml] does not exist
10:35:05.914 [Test worker] DEBUG org.springframework.test.context.support.AbstractContextLoader - Did not detect default resource location for test class [com.monmi.DataSourceTests]: class path resource [com/monmi/DataSourceTestsContext.groovy] does not exist
10:35:05.914 [Test worker] INFO org.springframework.test.context.support.AbstractContextLoader - Could not detect default resource locations for test class [com.monmi.DataSourceTests]: no resource found for suffixes {-context.xml, Context.groovy}.
10:35:05.915 [Test worker] INFO org.springframework.test.context.support.AnnotationConfigContextLoaderUtils - Could not detect default configuration classes for test class [com.monmi.DataSourceTests]: DataSourceTests does not declare any static, non-private, non-final, nested classes annotated with @Configuration.
10:35:05.956 [Test worker] DEBUG org.springframework.test.context.support.ActiveProfilesUtils - Could not find an 'annotation declaring class' for annotation type [org.springframework.test.context.ActiveProfiles] and class [com.monmi.DataSourceTests]
10:35:06.011 [Test worker] DEBUG org.springframework.context.annotation.ClassPathScanningCandidateComponentProvider - Identified candidate component class: file [D:\java\monmi\build\classes\java\main\com\monmi\MonmiApplication.class]
10:35:06.013 [Test worker] INFO org.springframework.boot.test.context.SpringBootTestContextBootstrapper - Found @SpringBootConfiguration com.monmi.MonmiApplication for test class com.monmi.DataSourceTests
10:35:06.101 [Test worker] DEBUG org.springframework.boot.test.context.SpringBootTestContextBootstrapper - @TestExecutionListeners is not present for class [com.monmi.DataSourceTests]: using defaults.
10:35:06.101 [Test worker] INFO org.springframework.boot.test.context.SpringBootTestContextBootstrapper - Loaded default TestExecutionListener class names from location [META-INF/spring.factories]: [org.springframework.boot.test.autoconfigure.restdocs.RestDocsTestExecutionListener, org.springframework.boot.test.autoconfigure.web.client.MockRestServiceServerResetTestExecutionListener, org.springframework.boot.test.autoconfigure.web.servlet.MockMvcPrintOnlyOnFailureTestExecutionListener, org.springframework.boot.test.autoconfigure.web.servlet.WebDriverTestExecutionListener, org.springframework.boot.test.autoconfigure.webservices.client.MockWebServiceServerTestExecutionListener, org.springframework.boot.test.mock.mockito.MockitoTestExecutionListener, org.springframework.boot.test.mock.mockito.ResetMocksTestExecutionListener, org.springframework.test.context.web.ServletTestExecutionListener, org.springframework.test.context.support.DirtiesContextBeforeModesTestExecutionListener, org.springframework.test.context.event.ApplicationEventsTestExecutionListener, org.springframework.test.context.support.DependencyInjectionTestExecutionListener, org.springframework.test.context.support.DirtiesContextTestExecutionListener, org.springframework.test.context.transaction.TransactionalTestExecutionListener, org.springframework.test.context.jdbc.SqlScriptsTestExecutionListener, org.springframework.test.context.event.EventPublishingTestExecutionListener]
10:35:06.119 [Test worker] INFO org.springframework.boot.test.context.SpringBootTestContextBootstrapper - Using TestExecutionListeners: [org.springframework.test.context.web.ServletTestExecutionListener@5215cd9a, org.springframework.test.context.support.DirtiesContextBeforeModesTestExecutionListener@36b6964d, org.springframework.test.context.event.ApplicationEventsTestExecutionListener@31198ceb, org.springframework.boot.test.mock.mockito.MockitoTestExecutionListener@9257031, org.springframework.boot.test.autoconfigure.SpringBootDependencyInjectionTestExecutionListener@75201592, org.springframework.test.context.support.DirtiesContextTestExecutionListener@7726e185, org.springframework.test.context.transaction.TransactionalTestExecutionListener@aa5455e, org.springframework.test.context.jdbc.SqlScriptsTestExecutionListener@282308c3, org.springframework.test.context.event.EventPublishingTestExecutionListener@5dda14d0, org.springframework.boot.test.autoconfigure.restdocs.RestDocsTestExecutionListener@1db0ec27, org.springframework.boot.test.autoconfigure.web.client.MockRestServiceServerResetTestExecutionListener@3d9fc57a, org.springframework.boot.test.autoconfigure.web.servlet.MockMvcPrintOnlyOnFailureTestExecutionListener@d4ab71a, org.springframework.boot.test.autoconfigure.web.servlet.WebDriverTestExecutionListener@3b4ef7, org.springframework.boot.test.autoconfigure.webservices.client.MockWebServiceServerTestExecutionListener@1af05b03, org.springframework.boot.test.mock.mockito.ResetMocksTestExecutionListener@5987e932]
10:35:06.122 [Test worker] DEBUG org.springframework.test.context.support.AbstractDirtiesContextTestExecutionListener - Before test class: context [DefaultTestContext@2899a8db testClass = DataSourceTests, testInstance = [null], testMethod = [null], testException = [null], mergedContextConfiguration = [WebMergedContextConfiguration@1e8823d2 testClass = DataSourceTests, locations = '{}', classes = '{class com.monmi.MonmiApplication}', contextInitializerClasses = '[]', activeProfiles = '{}', propertySourceLocations = '{}', propertySourceProperties = '{org.springframework.boot.test.context.SpringBootTestContextBootstrapper=true}', contextCustomizers = set[org.springframework.boot.test.autoconfigure.actuate.metrics.MetricsExportContextCustomizerFactory$DisableMetricExportContextCustomizer@3a62c01e, org.springframework.boot.test.autoconfigure.properties.PropertyMappingContextCustomizer@0, org.springframework.boot.test.autoconfigure.web.servlet.WebDriverContextCustomizerFactory$Customizer@47404bea, org.springframework.boot.test.context.filter.ExcludeFilterContextCustomizer@62435e70, org.springframework.boot.test.json.DuplicateJsonObjectContextCustomizerFactory$DuplicateJsonObjectContextCustomizer@3234f74e, org.springframework.boot.test.mock.mockito.MockitoContextCustomizer@0, org.springframework.boot.test.web.client.TestRestTemplateContextCustomizer@458342d3, org.springframework.boot.test.context.SpringBootTestArgs@1, org.springframework.boot.test.context.SpringBootTestWebEnvironment@4fbe37eb], resourceBasePath = 'src/main/webapp', contextLoader = 'org.springframework.boot.test.context.SpringBootContextLoader', parent = [null]], attributes = map['org.springframework.test.context.web.ServletTestExecutionListener.activateListener' -> true]], class annotated with @DirtiesContext [false] with mode [null].

  .   ____          _            __ _ _
 /\\ / ___'_ __ _ _(_)_ __  __ _ \ \ \ \
( ( )\___ | '_ | '_| | '_ \/ _` | \ \ \ \
 \\/  ___)| |_)| | | | | || (_| |  ) ) ) )
  '  |____| .__|_| |_|_| |_\__, | / / / /
 =========|_|==============|___/=/_/_/_/
 :: Spring Boot ::                (v2.7.3)

2025-02-04 10:35:06.452  INFO 12276 --- [    Test worker] com.monmi.DataSourceTests                : Starting DataSourceTests using Java 11.0.2 on DESKTOP-SON36M3 with PID 12276 (started by 01 in D:\java\monmi)
2025-02-04 10:35:06.453  INFO 12276 --- [    Test worker] com.monmi.DataSourceTests                : No active profile set, falling back to 1 default profile: "default"
2025-02-04 10:35:07.364  INFO 12276 --- [    Test worker] .s.d.r.c.RepositoryConfigurationDelegate : Bootstrapping Spring Data JPA repositories in DEFAULT mode.
2025-02-04 10:35:07.376  INFO 12276 --- [    Test worker] .s.d.r.c.RepositoryConfigurationDelegate : Finished Spring Data repository scanning in 5 ms. Found 0 JPA repository interfaces.
2025-02-04 10:35:07.496  WARN 12276 --- [    Test worker] o.m.s.mapper.ClassPathMapperScanner      : No MyBatis mapper was found in '[com.monmi]' package. Please check your configuration.
2025-02-04 10:35:07.916  INFO 12276 --- [    Test worker] o.hibernate.jpa.internal.util.LogHelper  : HHH000204: Processing PersistenceUnitInfo [name: default]
2025-02-04 10:35:07.964  INFO 12276 --- [    Test worker] org.hibernate.Version                    : HHH000412: Hibernate ORM core version 5.6.10.Final
2025-02-04 10:35:08.115  INFO 12276 --- [    Test worker] o.hibernate.annotations.common.Version   : HCANN000001: Hibernate Commons Annotations {5.1.2.Final}
2025-02-04 10:35:08.210  INFO 12276 --- [    Test worker] com.zaxxer.hikari.HikariDataSource       : HikariPool-1 - Starting...
2025-02-04 10:35:08.326  INFO 12276 --- [    Test worker] com.zaxxer.hikari.HikariDataSource       : HikariPool-1 - Start completed.
2025-02-04 10:35:08.359  INFO 12276 --- [    Test worker] org.hibernate.dialect.Dialect            : HHH000400: Using dialect: org.hibernate.dialect.MariaDB103Dialect
2025-02-04 10:35:08.600  INFO 12276 --- [    Test worker] o.h.e.t.j.p.i.JtaPlatformInitiator       : HHH000490: Using JtaPlatform implementation: [org.hibernate.engine.transaction.jta.platform.internal.NoJtaPlatform]
2025-02-04 10:35:08.608  INFO 12276 --- [    Test worker] j.LocalContainerEntityManagerFactoryBean : Initialized JPA EntityManagerFactory for persistence unit 'default'
2025-02-04 10:35:08.881  WARN 12276 --- [    Test worker] JpaBaseConfiguration$JpaWebConfiguration : spring.jpa.open-in-view is enabled by default. Therefore, database queries may be performed during view rendering. Explicitly configure spring.jpa.open-in-view to disable this warning
2025-02-04 10:35:09.706  INFO 12276 --- [    Test worker] com.monmi.DataSourceTests                : Started DataSourceTests in 3.522 seconds (JVM running for 4.734)
2025-02-04 10:35:09.916  INFO 12276 --- [    Test worker] com.monmi.DataSourceTests                : HikariProxyConnection@880771113 wrapping org.mariadb.jdbc.Connection@3f78a5ed
]]></system-out>
  <system-err><![CDATA[]]></system-err>
</testsuite>
